<?xml version="1.0" encoding="UTF-8"?>
<testsuite xmlns:xsi="http://www.w3.org/2001/XMLSchema-instance" xsi:noNamespaceSchemaLocation="https://maven.apache.org/surefire/maven-surefire-plugin/xsd/surefire-test-report-3.0.xsd" version="3.0" name="ly.SystemIntegrationTest" time="0.257" tests="1" errors="0" skipped="0" failures="0">
  <properties>
[...]
</properties>
  <testcase name="testFullSystemConnectivity" classname="ly.SystemIntegrationTest" time="0.247">
    <system-out><![CDATA[✓ Connected to MySQL database successfully!
MySQL Server Version: 8.0.27
Test data inserted to MySQL successfully!
✓ Connected to Redis successfully! Ping response: PONG
Set key 'integration_test_key_1770089702538' with value: integration_test_value
Retrieved value: integration_test_value

=== System Integration Test Results ===
MySQL Connection: PASS
Redis Connection: PASS
Overall Result: PASS
]]></system-out>
  </testcase>
</testsuite>